# JRE version: OpenJDK Runtime Environment (11.0.11+9) (build 11.0.11+9-b60-7590822)
# Java VM: OpenJDK 64-Bit Server VM (11.0.11+9-b60-7590822, mixed mode, tiered, compressed oops, g1 gc, windows-amd64)
Heap:
 garbage-first heap   total 179200K, used 86470K [0x00000000a0000000, 0x0000000100000000)
  region size 1024K, 23 young (23552K), 4 survivors (4096K)
 Metaspace       used 72529K, capacity 74682K, committed 74752K, reserved 1114112K
  class space    used 9414K, capacity 10177K, committed 10240K, reserved 1048576K
GC Heap History (20 events):
Event: 22.559 GC heap before
{Heap before GC invocations=43 (full 0):
 garbage-first heap   total 78848K, used 59663K [0x00000000a0000000, 0x0000000100000000)
  region size 1024K, 12 young (12288K), 1 survivors (1024K)
 Metaspace       used 59860K, capacity 61173K, committed 61312K, reserved 1101824K
  class space    used 7537K, capacity 8032K, committed 8064K, reserved 1048576K
}
Event: 22.563 GC heap after
{Heap after GC invocations=44 (full 0):
 garbage-first heap   total 78848K, used 49165K [0x00000000a0000000, 0x0000000100000000)
  region size 1024K, 2 young (2048K), 2 survivors (2048K)
 Metaspace       used 59860K, capacity 61173K, committed 61312K, reserved 1101824K
  class space    used 7537K, capacity 8032K, committed 8064K, reserved 1048576K
}
Event: 22.810 GC heap before
{Heap before GC invocations=45 (full 0):
 garbage-first heap   total 78848K, used 60429K [0x00000000a0000000, 0x0000000100000000)
  region size 1024K, 13 young (13312K), 2 survivors (2048K)
 Metaspace       used 60921K, capacity 62226K, committed 62464K, reserved 1103872K
  class space    used 7690K, capacity 8169K, committed 8192K, reserved 1048576K
}
Event: 22.815 GC heap after
{Heap after GC invocations=46 (full 0):
 garbage-first heap   total 95232K, used 49578K [0x00000000a0000000, 0x0000000100000000)
  region size 1024K, 2 young (2048K), 2 survivors (2048K)
 Metaspace       used 60921K, capacity 62226K, committed 62464K, reserved 1103872K
  class space    used 7690K, capacity 8169K, committed 8192K, reserved 1048576K
}
Event: 23.321 GC heap before
{Heap before GC invocations=46 (full 0):
 garbage-first heap   total 95232K, used 66986K [0x00000000a0000000, 0x0000000100000000)
  region size 1024K, 19 young (19456K), 2 survivors (2048K)
 Metaspace       used 61886K, capacity 63322K, committed 63616K, reserved 1103872K
  class space    used 7793K, capacity 8277K, committed 8320K, reserved 1048576K
}
Event: 23.327 GC heap after
{Heap after GC invocations=47 (full 0):
 garbage-first heap   total 95232K, used 50673K [0x00000000a0000000, 0x0000000100000000)
  region size 1024K, 3 young (3072K), 3 survivors (3072K)
 Metaspace       used 61886K, capacity 63322K, committed 63616K, reserved 1103872K
  class space    used 7793K, capacity 8277K, committed 8320K, reserved 1048576K
}
Event: 23.672 GC heap before
{Heap before GC invocations=48 (full 0):
 garbage-first heap   total 95232K, used 68081K [0x00000000a0000000, 0x0000000100000000)
  region size 1024K, 21 young (21504K), 3 survivors (3072K)
 Metaspace       used 62221K, capacity 63653K, committed 64000K, reserved 1105920K
  class space    used 7837K, capacity 8321K, committed 8448K, reserved 1048576K
}
Event: 23.682 GC heap after
{Heap after GC invocations=49 (full 0):
 garbage-first heap   total 95232K, used 52288K [0x00000000a0000000, 0x0000000100000000)
  region size 1024K, 3 young (3072K), 3 survivors (3072K)
 Metaspace       used 62221K, capacity 63653K, committed 64000K, reserved 1105920K
  class space    used 7837K, capacity 8321K, committed 8448K, reserved 1048576K
}
Event: 23.935 GC heap before
{Heap before GC invocations=49 (full 0):
 garbage-first heap   total 95232K, used 70720K [0x00000000a0000000, 0x0000000100000000)
  region size 1024K, 21 young (21504K), 3 survivors (3072K)
 Metaspace       used 62535K, capacity 64011K, committed 64128K, reserved 1105920K
  class space    used 7895K, capacity 8460K, committed 8576K, reserved 1048576K
}
Event: 23.965 GC heap after
{Heap after GC invocations=50 (full 0):
 garbage-first heap   total 95232K, used 54205K [0x00000000a0000000, 0x0000000100000000)
  region size 1024K, 2 young (2048K), 2 survivors (2048K)
 Metaspace       used 62535K, capacity 64011K, committed 64128K, reserved 1105920K
  class space    used 7895K, capacity 8460K, committed 8576K, reserved 1048576K
}
Event: 24.409 GC heap before
{Heap before GC invocations=51 (full 0):
 garbage-first heap   total 95232K, used 72637K [0x00000000a0000000, 0x0000000100000000)
  region size 1024K, 20 young (20480K), 2 survivors (2048K)
 Metaspace       used 62932K, capacity 64411K, committed 64640K, reserved 1105920K
  class space    used 7952K, capacity 8485K, committed 8576K, reserved 1048576K
}
Event: 24.425 GC heap after
{Heap after GC invocations=52 (full 0):
 garbage-first heap   total 140288K, used 55653K [0x00000000a0000000, 0x0000000100000000)
  region size 1024K, 3 young (3072K), 3 survivors (3072K)
 Metaspace       used 62932K, capacity 64411K, committed 64640K, reserved 1105920K
  class space    used 7952K, capacity 8485K, committed 8576K, reserved 1048576K
}
Event: 25.552 GC heap before
{Heap before GC invocations=52 (full 0):
 garbage-first heap   total 140288K, used 90469K [0x00000000a0000000, 0x0000000100000000)
  region size 1024K, 37 young (37888K), 3 survivors (3072K)
 Metaspace       used 64881K, capacity 66625K, committed 66688K, reserved 1107968K
  class space    used 8205K, capacity 8821K, committed 8832K, reserved 1048576K
}
Event: 25.574 GC heap after
{Heap after GC invocations=53 (full 0):
 garbage-first heap   total 140288K, used 58485K [0x00000000a0000000, 0x0000000100000000)
  region size 1024K, 5 young (5120K), 5 survivors (5120K)
 Metaspace       used 64881K, capacity 66625K, committed 66688K, reserved 1107968K
  class space    used 8205K, capacity 8821K, committed 8832K, reserved 1048576K
}
Event: 27.232 GC heap before
{Heap before GC invocations=53 (full 0):
 garbage-first heap   total 140288K, used 94325K [0x00000000a0000000, 0x0000000100000000)
  region size 1024K, 40 young (40960K), 5 survivors (5120K)
 Metaspace       used 68693K, capacity 70610K, committed 70784K, reserved 1110016K
  class space    used 8839K, capacity 9504K, committed 9600K, reserved 1048576K
}
Event: 27.251 GC heap after
{Heap after GC invocations=54 (full 0):
 garbage-first heap   total 140288K, used 60858K [0x00000000a0000000, 0x0000000100000000)
  region size 1024K, 3 young (3072K), 3 survivors (3072K)
 Metaspace       used 68693K, capacity 70610K, committed 70784K, reserved 1110016K
  class space    used 8839K, capacity 9504K, committed 9600K, reserved 1048576K
}
Event: 27.798 GC heap before
{Heap before GC invocations=54 (full 0):
 garbage-first heap   total 140288K, used 98746K [0x00000000a0000000, 0x0000000100000000)
  region size 1024K, 40 young (40960K), 3 survivors (3072K)
 Metaspace       used 70045K, capacity 71887K, committed 72064K, reserved 1112064K
  class space    used 9080K, capacity 9780K, committed 9856K, reserved 1048576K
}
Event: 27.808 GC heap after
{Heap after GC invocations=55 (full 0):
 garbage-first heap   total 140288K, used 64492K [0x00000000a0000000, 0x0000000100000000)
  region size 1024K, 5 young (5120K), 5 survivors (5120K)
 Metaspace       used 70045K, capacity 71887K, committed 72064K, reserved 1112064K
  class space    used 9080K, capacity 9780K, committed 9856K, reserved 1048576K
}
Event: 28.728 GC heap before
{Heap before GC invocations=55 (full 0):
 garbage-first heap   total 140288K, used 102380K [0x00000000a0000000, 0x0000000100000000)
  region size 1024K, 43 young (44032K), 5 survivors (5120K)
 Metaspace       used 71498K, capacity 73445K, committed 73600K, reserved 1112064K
  class space    used 9275K, capacity 10022K, committed 10112K, reserved 1048576K
}
Event: 28.785 GC heap after
{Heap after GC invocations=56 (full 0):
 garbage-first heap   total 179200K, used 68038K [0x00000000a0000000, 0x0000000100000000)
  region size 1024K, 4 young (4096K), 4 survivors (4096K)
 Metaspace       used 71498K, capacity 73445K, committed 73600K, reserved 1112064K
  class space    used 9275K, capacity 10022K, committed 10112K, reserved 1048576K
}

